Log file open, 04/17/19 13:47:26
LogWindows: Failed to load 'aqProf.dll' (GetLastError=126)
LogWindows: File 'aqProf.dll' does not exist
LogWindows: Failed to load 'VtuneApi.dll' (GetLastError=126)
LogWindows: File 'VtuneApi.dll' does not exist
LogWindows: Failed to load 'VtuneApi32e.dll' (GetLastError=126)
LogWindows: File 'VtuneApi32e.dll' does not exist
LogConsoleResponse: Display: Failed to find resolution value strings in scalability ini. Falling back to default.
LogInit: Display: Running engine for game: Refill
LogPakFile: Registered encryption key '00000000000000000000000000000000': 0 pak files mounted, 0 remain pending
LogPlatformFile: Not using cached read wrapper
LogTaskGraph: Started task graph with 5 named threads and 14 total threads with 3 sets of task threads.
LogStats: Stats thread started at 4.347627
LogD3D11RHI: Loaded GFSDK_Aftermath_Lib.x64.dll
LogICUInternationalization: ICU TimeZone Detection - Raw Offset: +1:00, Platform Override: ''
LogPluginManager: Mounting plugin Paper2D
LogPluginManager: Mounting plugin AISupport
LogPluginManager: Mounting plugin LightPropagationVolume
LogPluginManager: Mounting plugin ActorLayerUtilities
LogPluginManager: Mounting plugin CLionSourceCodeAccess
LogPluginManager: Mounting plugin CodeLiteSourceCodeAccess
LogPluginManager: Mounting plugin GitSourceControl
LogPluginManager: Mounting plugin KDevelopSourceCodeAccess
LogPluginManager: Mounting plugin NullSourceCodeAccess
LogPluginManager: Mounting plugin PerforceSourceControl
LogPluginManager: Mounting plugin SubversionSourceControl
LogPluginManager: Mounting plugin UObjectPlugin
LogPluginManager: Mounting plugin VisualStudioCodeSourceCodeAccess
LogPluginManager: Mounting plugin VisualStudioSourceCodeAccess
LogPluginManager: Mounting plugin XCodeSourceCodeAccess
LogPluginManager: Mounting plugin AssetManagerEditor
LogPluginManager: Mounting plugin CryptoKeys
LogPluginManager: Mounting plugin DataValidation
LogPluginManager: Mounting plugin FacialAnimation
LogPluginManager: Mounting plugin GameplayTagsEditor
LogPluginManager: Mounting plugin MacGraphicsSwitching
LogPluginManager: Mounting plugin MeshEditor
LogPluginManager: Mounting plugin MobileLauncherProfileWizard
LogPluginManager: Mounting plugin PluginBrowser
LogPluginManager: Mounting plugin SpeedTreeImporter
LogPluginManager: Mounting plugin DatasmithContent
LogPluginManager: Mounting plugin VariantManagerContent
LogPluginManager: Mounting plugin AlembicImporter
LogPluginManager: Mounting plugin AppleImageUtils
LogPluginManager: Mounting plugin AppleVision
LogPluginManager: Mounting plugin BackChannel
LogPluginManager: Mounting plugin CharacterAI
LogPluginManager: Mounting plugin GeometryCache
LogPluginManager: Mounting plugin HTML5Networking
LogPluginManager: Mounting plugin ProxyLODPlugin
LogPluginManager: Mounting plugin MagicLeap
LogPluginManager: Mounting plugin MagicLeapMedia
LogPluginManager: Mounting plugin AndroidMedia
LogPluginManager: Mounting plugin AvfMedia
LogPluginManager: Mounting plugin ImgMedia
LogPluginManager: Mounting plugin LinearTimecode
LogPluginManager: Mounting plugin MediaCompositing
LogPluginManager: Mounting plugin MediaPlayerEditor
LogPluginManager: Mounting plugin WebMMedia
LogPluginManager: Mounting plugin WmfMedia
LogPluginManager: Mounting plugin TcpMessaging
LogPluginManager: Mounting plugin UdpMessaging
LogPluginManager: Mounting plugin ActorSequence
LogPluginManager: Mounting plugin LevelSequenceEditor
LogPluginManager: Mounting plugin MatineeToLevelSequence
LogPluginManager: Mounting plugin NetcodeUnitTest
LogPluginManager: Mounting plugin NUTUnrealEngine4
LogPluginManager: Mounting plugin OnlineSubsystemGooglePlay
LogPluginManager: Mounting plugin OnlineSubsystemIOS
LogPluginManager: Mounting plugin OnlineSubsystem
LogPluginManager: Mounting plugin OnlineSubsystemNull
LogPluginManager: Mounting plugin OnlineSubsystemUtils
LogPluginManager: Mounting plugin LauncherChunkInstaller
LogPluginManager: Mounting plugin AndroidDeviceProfileSelector
LogPluginManager: Mounting plugin AndroidMoviePlayer
LogPluginManager: Mounting plugin AndroidPermission
LogPluginManager: Mounting plugin AppleMoviePlayer
LogPluginManager: Mounting plugin ArchVisCharacter
LogPluginManager: Mounting plugin AudioCapture
LogPluginManager: Mounting plugin CableComponent
LogPluginManager: Mounting plugin CustomMeshComponent
LogPluginManager: Mounting plugin EditableMesh
LogPluginManager: Mounting plugin ExampleDeviceProfileSelector
LogPluginManager: Mounting plugin Firebase
LogPluginManager: Mounting plugin GoogleCloudMessaging
LogPluginManager: Mounting plugin IOSDeviceProfileSelector
LogPluginManager: Mounting plugin LinuxDeviceProfileSelector
LogPluginManager: Mounting plugin LocationServicesBPLibrary
LogPluginManager: Mounting plugin MobilePatchingUtils
LogPluginManager: Mounting plugin OculusVR
LogPluginManager: Mounting plugin PhysXVehicles
LogPluginManager: Mounting plugin ProceduralMeshComponent
LogPluginManager: Mounting plugin RuntimePhysXCooking
LogPluginManager: Mounting plugin SteamVR
LogPluginManager: Mounting plugin WebMMoviePlayer
LogPluginManager: Mounting plugin WindowsMoviePlayer
LogStreaming: Display: Took  0.365s to configure plugins.
LogInit: Using libcurl 7.55.1-DEV
LogInit:  - built for x86_64-pc-win32
LogInit:  - supports SSL with OpenSSL/1.0.2h
LogInit:  - supports HTTP deflate (compression) using libz 1.2.8
LogInit:  - other features:
LogInit:      CURL_VERSION_SSL
LogInit:      CURL_VERSION_LIBZ
LogInit:      CURL_VERSION_IPV6
LogInit:      CURL_VERSION_ASYNCHDNS
LogInit:      CURL_VERSION_LARGEFILE
LogInit:      CURL_VERSION_IDN
LogInit:  CurlRequestOptions (configurable via config and command line):
LogInit:  - bVerifyPeer = true  - Libcurl will verify peer certificate
LogInit:  - bUseHttpProxy = false  - Libcurl will NOT use HTTP proxy
LogInit:  - bDontReuseConnections = false  - Libcurl will reuse connections
LogInit:  - MaxHostConnections = 16  - Libcurl will limit the number of connections to a host
LogInit:  - LocalHostAddr = Default
LogInit:  - BufferSize = 65536
LogInit: WinSock: version 1.1 (2.2), MaxSocks=32767, MaxUdp=65467
LogInit: Build: ++UE4+Release-4.21-CL-4753647
LogInit: Engine Version: 4.21.2-4753647+++UE4+Release-4.21
LogInit: Compatible Engine Version: 4.21.0-4541578+++UE4+Release-4.21
LogInit: Net CL: 4541578
LogInit: OS: Windows 10 (), CPU: Intel(R) Core(TM) i5-7300HQ CPU @ 2.50GHz, GPU: Intel(R) HD Graphics 630
LogInit: Compiled (64-bit): Jan 19 2019 02:07:31
LogInit: Compiled with Visual C++: 19.13.26129.00
LogInit: Build Configuration: Development
LogInit: Branch Name: ++UE4+Release-4.21
LogInit: Command Line: 
LogInit: Base Directory: D:/jeux/epic_game/UE_4.21/Engine/Binaries/Win64/
LogInit: Installed Engine Build: 1
LogDevObjectVersion: Number of dev versions registered: 22
LogDevObjectVersion:   Dev-Blueprints (B0D832E4-1F89-4F0D-ACCF-7EB736FD4AA2): 10
LogDevObjectVersion:   Dev-Build (E1C64328-A22C-4D53-A36C-8E866417BD8C): 0
LogDevObjectVersion:   Dev-Core (375EC13C-06E4-48FB-B500-84F0262A717E): 2
LogDevObjectVersion:   Dev-Editor (E4B068ED-F494-42E9-A231-DA0B2E46BB41): 26
LogDevObjectVersion:   Dev-Framework (CFFC743F-43B0-4480-9391-14DF171D2073): 34
LogDevObjectVersion:   Dev-Mobile (B02B49B5-BB20-44E9-A304-32B752E40360): 2
LogDevObjectVersion:   Dev-Networking (A4E4105C-59A1-49B5-A7C5-40C4547EDFEE): 0
LogDevObjectVersion:   Dev-Online (39C831C9-5AE6-47DC-9A44-9C173E1C8E7C): 0
LogDevObjectVersion:   Dev-Physics (78F01B33-EBEA-4F98-B9B4-84EACCB95AA2): 0
LogDevObjectVersion:   Dev-Platform (6631380F-2D4D-43E0-8009-CF276956A95A): 0
LogDevObjectVersion:   Dev-Rendering (12F88B9F-8875-4AFC-A67C-D90C383ABD29): 27
LogDevObjectVersion:   Dev-Sequencer (7B5AE74C-D270-4C10-A958-57980B212A5A): 9
LogDevObjectVersion:   Dev-VR (D7296918-1DD6-4BDD-9DE2-64A83CC13884): 2
LogDevObjectVersion:   Dev-LoadTimes (C2A15278-BFE7-4AFE-6C17-90FF531DF755): 1
LogDevObjectVersion:   Private-Geometry (6EACA3D4-40EC-4CC1-B786-8BED09428FC5): 3
LogDevObjectVersion:   Dev-AnimPhys (29E575DD-E0A3-4627-9D10-D276232CDCEA): 17
LogDevObjectVersion:   Dev-Anim (AF43A65D-7FD3-4947-9873-3E8ED9C1BB05): 2
LogDevObjectVersion:   Dev-ReflectionCapture (6B266CEC-1EC7-4B8F-A30B-E4D90942FC07): 1
LogDevObjectVersion:   Dev-Automation (0DF73D61-A23F-47EA-B727-89E90C41499A): 1
LogDevObjectVersion:   FortniteMain (601D1886-AC64-4F84-AA16-D3DE0DEAC7D6): 17
LogDevObjectVersion:   Dev-Enterprise (9DFFBCD6-494F-0158-E221-12823C92A888): 4
LogDevObjectVersion:   Dev-Niagara (F2AED0AC-9AFE-416F-8664-AA7FFA26D6FC): 1
LogStreaming: Display: Took  0.032s to delete old logs.
LogInit: Presizing for max 8388607 objects, including 0 objects not considered by GC, pre-allocating 0 bytes for permanent pool.
LogInit: Object subsystem initialized
LogConfig: Setting CVar [[con.DebugEarlyDefault:1]]
LogConfig: Setting CVar [[r.setres:1280x720]]
[2019.04.17-11.47.30:104][  0]LogConfig: Setting CVar [[r.VSync:0]]
[2019.04.17-11.47.30:104][  0]LogConfig: Setting CVar [[r.RHICmdBypass:0]]
[2019.04.17-11.47.30:116][  0]LogConfig: Applying CVar settings from Section [/Script/Engine.RendererSettings] File [D:/GitHub/Workshop/Project_ReFill/Refill/Saved/Config/Windows/Engine.ini]
[2019.04.17-11.47.30:117][  0]LogConfig: Setting CVar [[r.GPUCrashDebugging:0]]
[2019.04.17-11.47.30:117][  0]LogConfig: Applying CVar settings from Section [/Script/Engine.RendererOverrideSettings] File [D:/GitHub/Workshop/Project_ReFill/Refill/Saved/Config/Windows/Engine.ini]
[2019.04.17-11.47.30:117][  0]LogConfig: Applying CVar settings from Section [/Script/Engine.StreamingSettings] File [D:/GitHub/Workshop/Project_ReFill/Refill/Saved/Config/Windows/Engine.ini]
[2019.04.17-11.47.30:117][  0]LogConfig: Setting CVar [[s.MinBulkDataSizeForAsyncLoading:131072]]
[2019.04.17-11.47.30:117][  0]LogConfig: Setting CVar [[s.AsyncLoadingThreadEnabled:0]]
[2019.04.17-11.47.30:117][  0]LogConfig: Setting CVar [[s.EventDrivenLoaderEnabled:1]]
[2019.04.17-11.47.30:117][  0]LogConfig: Setting CVar [[s.WarnIfTimeLimitExceeded:0]]
[2019.04.17-11.47.30:117][  0]LogConfig: Setting CVar [[s.TimeLimitExceededMultiplier:1.5]]
[2019.04.17-11.47.30:117][  0]LogConfig: Setting CVar [[s.TimeLimitExceededMinTime:0.005]]
[2019.04.17-11.47.30:117][  0]LogConfig: Setting CVar [[s.UseBackgroundLevelStreaming:1]]
[2019.04.17-11.47.30:117][  0]LogConfig: Setting CVar [[s.PriorityAsyncLoadingExtraTime:15.0]]
[2019.04.17-11.47.30:117][  0]LogConfig: Setting CVar [[s.LevelStreamingActorsUpdateTimeLimit:5.0]]
[2019.04.17-11.47.30:117][  0]LogConfig: Setting CVar [[s.PriorityLevelStreamingActorsUpdateExtraTime:5.0]]
[2019.04.17-11.47.30:117][  0]LogConfig: Setting CVar [[s.LevelStreamingComponentsRegistrationGranularity:10]]
[2019.04.17-11.47.30:117][  0]LogConfig: Setting CVar [[s.UnregisterComponentsTimeLimit:1.0]]
[2019.04.17-11.47.30:117][  0]LogConfig: Setting CVar [[s.LevelStreamingComponentsUnregistrationGranularity:5]]
[2019.04.17-11.47.30:117][  0]LogConfig: Applying CVar settings from Section [/Script/Engine.GarbageCollectionSettings] File [D:/GitHub/Workshop/Project_ReFill/Refill/Saved/Config/Windows/Engine.ini]
[2019.04.17-11.47.30:117][  0]LogConfig: Setting CVar [[gc.MaxObjectsNotConsideredByGC:1]]
[2019.04.17-11.47.30:117][  0]LogConfig: Setting CVar [[gc.SizeOfPermanentObjectPool:0]]
[2019.04.17-11.47.30:117][  0]LogConfig: Setting CVar [[gc.FlushStreamingOnGC:0]]
[2019.04.17-11.47.30:117][  0]LogConfig: Setting CVar [[gc.NumRetriesBeforeForcingGC:10]]
[2019.04.17-11.47.30:117][  0]LogConfig: Setting CVar [[gc.AllowParallelGC:1]]
[2019.04.17-11.47.30:117][  0]LogConfig: Setting CVar [[gc.TimeBetweenPurgingPendingKillObjects:61.1]]
[2019.04.17-11.47.30:117][  0]LogConfig: Setting CVar [[gc.MaxObjectsInEditor:8388607]]
[2019.04.17-11.47.30:117][  0]LogConfig: Setting CVar [[gc.IncrementalBeginDestroyEnabled:1]]
[2019.04.17-11.47.30:117][  0]LogConfig: Setting CVar [[gc.CreateGCClusters:1]]
[2019.04.17-11.47.30:117][  0]LogConfig: Setting CVar [[gc.MergeGCClusters:0]]
[2019.04.17-11.47.30:117][  0]LogConfig: Setting CVar [[gc.MinGCClusterSize:5]]
[2019.04.17-11.47.30:117][  0]LogConfig: Setting CVar [[gc.ActorClusteringEnabled:0]]
[2019.04.17-11.47.30:117][  0]LogConfig: Setting CVar [[gc.BlueprintClusteringEnabled:0]]
[2019.04.17-11.47.30:117][  0]LogConfig: Setting CVar [[gc.UseDisregardForGCOnDedicatedServers:0]]
[2019.04.17-11.47.30:117][  0]LogConfig: Applying CVar settings from Section [/Script/Engine.NetworkSettings] File [D:/GitHub/Workshop/Project_ReFill/Refill/Saved/Config/Windows/Engine.ini]
[2019.04.17-11.47.30:117][  0]LogConfig: Applying CVar settings from Section [/Script/UnrealEd.CookerSettings] File [D:/GitHub/Workshop/Project_ReFill/Refill/Saved/Config/Windows/Engine.ini]
[2019.04.17-11.47.30:179][  0]LogConfig: Applying CVar settings from Section [ViewDistanceQuality@3] File [D:/GitHub/Workshop/Project_ReFill/Refill/Saved/Config/Windows/Scalability.ini]
[2019.04.17-11.47.30:179][  0]LogConfig: Setting CVar [[r.SkeletalMeshLODBias:0]]
[2019.04.17-11.47.30:179][  0]LogConfig: Setting CVar [[r.ViewDistanceScale:1.0]]
[2019.04.17-11.47.30:179][  0]LogConfig: Applying CVar settings from Section [AntiAliasingQuality@3] File [D:/GitHub/Workshop/Project_ReFill/Refill/Saved/Config/Windows/Scalability.ini]
[2019.04.17-11.47.30:179][  0]LogConfig: Setting CVar [[r.PostProcessAAQuality:4]]
[2019.04.17-11.47.30:179][  0]LogConfig: Applying CVar settings from Section [ShadowQuality@3] File [D:/GitHub/Workshop/Project_ReFill/Refill/Saved/Config/Windows/Scalability.ini]
[2019.04.17-11.47.30:179][  0]LogConfig: Setting CVar [[r.LightFunctionQuality:1]]
[2019.04.17-11.47.30:179][  0]LogConfig: Setting CVar [[r.ShadowQuality:5]]
[2019.04.17-11.47.30:179][  0]LogConfig: Setting CVar [[r.Shadow.CSM.MaxCascades:10]]
[2019.04.17-11.47.30:179][  0]LogConfig: Setting CVar [[r.Shadow.MaxResolution:2048]]
[2019.04.17-11.47.30:179][  0]LogConfig: Setting CVar [[r.Shadow.MaxCSMResolution:2048]]
[2019.04.17-11.47.30:179][  0]LogConfig: Setting CVar [[r.Shadow.RadiusThreshold:0.01]]
[2019.04.17-11.47.30:179][  0]LogConfig: Setting CVar [[r.Shadow.DistanceScale:1.0]]
[2019.04.17-11.47.30:179][  0]LogConfig: Setting CVar [[r.Shadow.CSM.TransitionScale:1.0]]
[2019.04.17-11.47.30:179][  0]LogConfig: Setting CVar [[r.Shadow.PreShadowResolutionFactor:1.0]]
[2019.04.17-11.47.30:179][  0]LogConfig: Setting CVar [[r.DistanceFieldShadowing:1]]
[2019.04.17-11.47.30:179][  0]LogConfig: Setting CVar [[r.DistanceFieldAO:1]]
[2019.04.17-11.47.30:179][  0]LogConfig: Setting CVar [[r.AOQuality:2]]
[2019.04.17-11.47.30:179][  0]LogConfig: Setting CVar [[r.VolumetricFog:1]]
[2019.04.17-11.47.30:179][  0]LogConfig: Setting CVar [[r.VolumetricFog.GridPixelSize:8]]
[2019.04.17-11.47.30:179][  0]LogConfig: Setting CVar [[r.VolumetricFog.GridSizeZ:128]]
[2019.04.17-11.47.30:179][  0]LogConfig: Setting CVar [[r.VolumetricFog.HistoryMissSupersampleCount:4]]
[2019.04.17-11.47.30:179][  0]LogConfig: Setting CVar [[r.LightMaxDrawDistanceScale:1]]
[2019.04.17-11.47.30:179][  0]LogConfig: Setting CVar [[r.CapsuleShadows:1]]
[2019.04.17-11.47.30:179][  0]LogConfig: Applying CVar settings from Section [PostProcessQuality@3] File [D:/GitHub/Workshop/Project_ReFill/Refill/Saved/Config/Windows/Scalability.ini]
[2019.04.17-11.47.30:179][  0]LogConfig: Setting CVar [[r.MotionBlurQuality:4]]
[2019.04.17-11.47.30:179][  0]LogConfig: Setting CVar [[r.AmbientOcclusionMipLevelFactor:0.4]]
[2019.04.17-11.47.30:179][  0]LogConfig: Setting CVar [[r.AmbientOcclusionMaxQuality:100]]
[2019.04.17-11.47.30:179][  0]LogConfig: Setting CVar [[r.AmbientOcclusionLevels:-1]]
[2019.04.17-11.47.30:180][  0]LogConfig: Setting CVar [[r.AmbientOcclusionRadiusScale:1.0]]
[2019.04.17-11.47.30:180][  0]LogConfig: Setting CVar [[r.DepthOfFieldQuality:2]]
[2019.04.17-11.47.30:180][  0]LogConfig: Setting CVar [[r.RenderTargetPoolMin:400]]
[2019.04.17-11.47.30:180][  0]LogConfig: Setting CVar [[r.LensFlareQuality:2]]
[2019.04.17-11.47.30:180][  0]LogConfig: Setting CVar [[r.SceneColorFringeQuality:1]]
[2019.04.17-11.47.30:180][  0]LogConfig: Setting CVar [[r.EyeAdaptationQuality:2]]
[2019.04.17-11.47.30:180][  0]LogConfig: Setting CVar [[r.BloomQuality:5]]
[2019.04.17-11.47.30:180][  0]LogConfig: Setting CVar [[r.FastBlurThreshold:100]]
[2019.04.17-11.47.30:180][  0]LogConfig: Setting CVar [[r.Upscale.Quality:3]]
[2019.04.17-11.47.30:180][  0]LogConfig: Setting CVar [[r.Tonemapper.GrainQuantization:1]]
[2019.04.17-11.47.30:180][  0]LogConfig: Setting CVar [[r.LightShaftQuality:1]]
[2019.04.17-11.47.30:180][  0]LogConfig: Setting CVar [[r.Filter.SizeScale:1]]
[2019.04.17-11.47.30:180][  0]LogConfig: Setting CVar [[r.Tonemapper.Quality:5]]
[2019.04.17-11.47.30:180][  0]LogConfig: Setting CVar [[r.DOF.Gather.AccumulatorQuality:1        ; higher gathering accumulator quality]]
[2019.04.17-11.47.30:180][  0]LogConfig: Setting CVar [[r.DOF.Gather.PostfilterMethod:1          ; Median3x3 postfilering method]]
[2019.04.17-11.47.30:180][  0]LogConfig: Setting CVar [[r.DOF.Gather.EnableBokehSettings:0       ; no bokeh simulation when gathering]]
[2019.04.17-11.47.30:180][  0]LogConfig: Setting CVar [[r.DOF.Gather.RingCount:4                 ; medium number of samples when gathering]]
[2019.04.17-11.47.30:180][  0]LogConfig: Setting CVar [[r.DOF.Scatter.ForegroundCompositing:1    ; additive foreground scattering]]
[2019.04.17-11.47.30:180][  0]LogConfig: Setting CVar [[r.DOF.Scatter.BackgroundCompositing:2    ; additive background scattering]]
[2019.04.17-11.47.30:180][  0]LogConfig: Setting CVar [[r.DOF.Scatter.EnableBokehSettings:1      ; bokeh simulation when scattering]]
[2019.04.17-11.47.30:180][  0]LogConfig: Setting CVar [[r.DOF.Scatter.MaxSpriteRatio:0.1         ; only a maximum of 10% of scattered bokeh]]
[2019.04.17-11.47.30:180][  0]LogConfig: Setting CVar [[r.DOF.Recombine.Quality:1                ; cheap slight out of focus]]
[2019.04.17-11.47.30:180][  0]LogConfig: Setting CVar [[r.DOF.Recombine.EnableBokehSettings:0    ; no bokeh simulation on slight out of focus]]
[2019.04.17-11.47.30:180][  0]LogConfig: Setting CVar [[r.DOF.TemporalAAQuality:1                ; more stable temporal accumulation]]
[2019.04.17-11.47.30:180][  0]LogConfig: Setting CVar [[r.DOF.Kernel.MaxForegroundRadius:0.025]]
[2019.04.17-11.47.30:180][  0]LogConfig: Setting CVar [[r.DOF.Kernel.MaxBackgroundRadius:0.025]]
[2019.04.17-11.47.30:180][  0]LogConfig: Applying CVar settings from Section [TextureQuality@3] File [D:/GitHub/Workshop/Project_ReFill/Refill/Saved/Config/Windows/Scalability.ini]
[2019.04.17-11.47.30:180][  0]LogConfig: Setting CVar [[r.Streaming.MipBias:0]]
[2019.04.17-11.47.30:180][  0]LogConfig: Setting CVar [[r.Streaming.AmortizeCPUToGPUCopy:0]]
[2019.04.17-11.47.30:180][  0]LogConfig: Setting CVar [[r.Streaming.MaxNumTexturesToStreamPerFrame:0]]
[2019.04.17-11.47.30:180][  0]LogConfig: Setting CVar [[r.Streaming.Boost:1]]
[2019.04.17-11.47.30:180][  0]LogConfig: Setting CVar [[r.MaxAnisotropy:8]]
[2019.04.17-11.47.30:180][  0]LogConfig: Setting CVar [[r.Streaming.LimitPoolSizeToVRAM:0]]
[2019.04.17-11.47.30:180][  0]LogConfig: Setting CVar [[r.Streaming.PoolSize:1000]]
[2019.04.17-11.47.30:180][  0]LogConfig: Setting CVar [[r.Streaming.MaxEffectiveScreenSize:0]]
[2019.04.17-11.47.30:180][  0]LogConfig: Applying CVar settings from Section [EffectsQuality@3] File [D:/GitHub/Workshop/Project_ReFill/Refill/Saved/Config/Windows/Scalability.ini]
[2019.04.17-11.47.30:180][  0]LogConfig: Setting CVar [[r.TranslucencyLightingVolumeDim:64]]
[2019.04.17-11.47.30:180][  0]LogConfig: Setting CVar [[r.RefractionQuality:2]]
[2019.04.17-11.47.30:180][  0]LogConfig: Setting CVar [[r.SSR.Quality:3]]
[2019.04.17-11.47.30:180][  0]LogConfig: Setting CVar [[r.SceneColorFormat:4]]
[2019.04.17-11.47.30:180][  0]LogConfig: Setting CVar [[r.DetailMode:2]]
[2019.04.17-11.47.30:180][  0]LogConfig: Setting CVar [[r.TranslucencyVolumeBlur:1]]
[2019.04.17-11.47.30:180][  0]LogConfig: Setting CVar [[r.MaterialQualityLevel:1 ; High quality]]
[2019.04.17-11.47.30:180][  0]LogConfig: Setting CVar [[r.SSS.Scale:1]]
[2019.04.17-11.47.30:180][  0]LogConfig: Setting CVar [[r.SSS.SampleSet:2]]
[2019.04.17-11.47.30:180][  0]LogConfig: Setting CVar [[r.SSS.Quality:1]]
[2019.04.17-11.47.30:180][  0]LogConfig: Setting CVar [[r.SSS.HalfRes:1]]
[2019.04.17-11.47.30:180][  0]LogConfig: Setting CVar [[r.EmitterSpawnRateScale:1.0]]
[2019.04.17-11.47.30:180][  0]LogConfig: Setting CVar [[r.ParticleLightQuality:2]]
[2019.04.17-11.47.30:180][  0]LogConfig: Applying CVar settings from Section [FoliageQuality@3] File [D:/GitHub/Workshop/Project_ReFill/Refill/Saved/Config/Windows/Scalability.ini]
[2019.04.17-11.47.30:180][  0]LogConfig: Setting CVar [[foliage.DensityScale:1.0]]
[2019.04.17-11.47.30:180][  0]LogConfig: Setting CVar [[grass.DensityScale:1.0]]
[2019.04.17-11.47.30:205][  0]LogInit: Selected Device Profile: [Windows]
[2019.04.17-11.47.30:205][  0]LogInit: Applying CVar settings loaded from the selected device profile: [Windows]
[2019.04.17-11.47.30:281][  0]LogHAL: Display: Platform has ~ 8 GB [8469987328 / 8589934592 / 8], which maps to Default [LargestMinGB=32, LargerMinGB=12, DefaultMinGB=8, SmallerMinGB=6, SmallestMinGB=0)
[2019.04.17-11.47.30:291][  0]LogConfig: Setting CVar [[r.Vulkan.UseRealUBs:1]]
[2019.04.17-11.47.30:291][  0]LogInit: Going up to parent DeviceProfile []
[2019.04.17-11.47.30:291][  0]LogConfig: Applying CVar settings from Section [ViewDistanceQuality@3] File [D:/GitHub/Workshop/Project_ReFill/Refill/Saved/Config/Windows/Scalability.ini]
[2019.04.17-11.47.30:291][  0]LogConfig: Setting CVar [[r.SkeletalMeshLODBias:0]]
[2019.04.17-11.47.30:291][  0]LogConfig: Setting CVar [[r.ViewDistanceScale:1.0]]
[2019.04.17-11.47.30:291][  0]LogConfig: Applying CVar settings from Section [AntiAliasingQuality@3] File [D:/GitHub/Workshop/Project_ReFill/Refill/Saved/Config/Windows/Scalability.ini]
[2019.04.17-11.47.30:291][  0]LogConfig: Setting CVar [[r.PostProcessAAQuality:4]]
[2019.04.17-11.47.30:291][  0]LogConfig: Applying CVar settings from Section [ShadowQuality@3] File [D:/GitHub/Workshop/Project_ReFill/Refill/Saved/Config/Windows/Scalability.ini]
[2019.04.17-11.47.30:291][  0]LogConfig: Setting CVar [[r.LightFunctionQuality:1]]
[2019.04.17-11.47.30:291][  0]LogConfig: Setting CVar [[r.ShadowQuality:5]]
[2019.04.17-11.47.30:291][  0]LogConfig: Setting CVar [[r.Shadow.CSM.MaxCascades:10]]
[2019.04.17-11.47.30:291][  0]LogConfig: Setting CVar [[r.Shadow.MaxResolution:2048]]
[2019.04.17-11.47.30:291][  0]LogConfig: Setting CVar [[r.Shadow.MaxCSMResolution:2048]]
[2019.04.17-11.47.30:291][  0]LogConfig: Setting CVar [[r.Shadow.RadiusThreshold:0.01]]
[2019.04.17-11.47.30:291][  0]LogConfig: Setting CVar [[r.Shadow.DistanceScale:1.0]]
[2019.04.17-11.47.30:291][  0]LogConfig: Setting CVar [[r.Shadow.CSM.TransitionScale:1.0]]
[2019.04.17-11.47.30:291][  0]LogConfig: Setting CVar [[r.Shadow.PreShadowResolutionFactor:1.0]]
[2019.04.17-11.47.30:291][  0]LogConfig: Setting CVar [[r.DistanceFieldShadowing:1]]
[2019.04.17-11.47.30:291][  0]LogConfig: Setting CVar [[r.DistanceFieldAO:1]]
[2019.04.17-11.47.30:291][  0]LogConfig: Setting CVar [[r.AOQuality:2]]
[2019.04.17-11.47.30:291][  0]LogConfig: Setting CVar [[r.VolumetricFog:1]]
[2019.04.17-11.47.30:291][  0]LogConfig: Setting CVar [[r.VolumetricFog.GridPixelSize:8]]
[2019.04.17-11.47.30:291][  0]LogConfig: Setting CVar [[r.VolumetricFog.GridSizeZ:128]]
[2019.04.17-11.47.30:291][  0]LogConfig: Setting CVar [[r.VolumetricFog.HistoryMissSupersampleCount:4]]
[2019.04.17-11.47.30:291][  0]LogConfig: Setting CVar [[r.LightMaxDrawDistanceScale:1]]
[2019.04.17-11.47.30:291][  0]LogConfig: Setting CVar [[r.CapsuleShadows:1]]
[2019.04.17-11.47.30:291][  0]LogConfig: Applying CVar settings from Section [PostProcessQuality@3] File [D:/GitHub/Workshop/Project_ReFill/Refill/Saved/Config/Windows/Scalability.ini]
[2019.04.17-11.47.30:291][  0]LogConfig: Setting CVar [[r.MotionBlurQuality:4]]
[2019.04.17-11.47.30:291][  0]LogConfig: Setting CVar [[r.AmbientOcclusionMipLevelFactor:0.4]]
[2019.04.17-11.47.30:291][  0]LogConfig: Setting CVar [[r.AmbientOcclusionMaxQuality:100]]
[2019.04.17-11.47.30:291][  0]LogConfig: Setting CVar [[r.AmbientOcclusionLevels:-1]]
[2019.04.17-11.47.30:291][  0]LogConfig: Setting CVar [[r.AmbientOcclusionRadiusScale:1.0]]
[2019.04.17-11.47.30:291][  0]LogConfig: Setting CVar [[r.DepthOfFieldQuality:2]]
[2019.04.17-11.47.30:291][  0]LogConfig: Setting CVar [[r.RenderTargetPoolMin:400]]
[2019.04.17-11.47.30:291][  0]LogConfig: Setting CVar [[r.LensFlareQuality:2]]
[2019.04.17-11.47.30:291][  0]LogConfig: Setting CVar [[r.SceneColorFringeQuality:1]]
[2019.04.17-11.47.30:291][  0]LogConfig: Setting CVar [[r.EyeAdaptationQuality:2]]
[2019.04.17-11.47.30:291][  0]LogConfig: Setting CVar [[r.BloomQuality:5]]
[2019.04.17-11.47.30:291][  0]LogConfig: Setting CVar [[r.FastBlurThreshold:100]]
[2019.04.17-11.47.30:292][  0]LogConfig: Setting CVar [[r.Upscale.Quality:3]]
[2019.04.17-11.47.30:292][  0]LogConfig: Setting CVar [[r.Tonemapper.GrainQuantization:1]]
[2019.04.17-11.47.30:292][  0]LogConfig: Setting CVar [[r.LightShaftQuality:1]]
[2019.04.17-11.47.30:292][  0]LogConfig: Setting CVar [[r.Filter.SizeScale:1]]
[2019.04.17-11.47.30:292][  0]LogConfig: Setting CVar [[r.Tonemapper.Quality:5]]
[2019.04.17-11.47.30:292][  0]LogConfig: Setting CVar [[r.DOF.Gather.AccumulatorQuality:1        ; higher gathering accumulator quality]]
[2019.04.17-11.47.30:292][  0]LogConfig: Setting CVar [[r.DOF.Gather.PostfilterMethod:1          ; Median3x3 postfilering method]]
[2019.04.17-11.47.30:292][  0]LogConfig: Setting CVar [[r.DOF.Gather.EnableBokehSettings:0       ; no bokeh simulation when gathering]]
[2019.04.17-11.47.30:292][  0]LogConfig: Setting CVar [[r.DOF.Gather.RingCount:4                 ; medium number of samples when gathering]]
[2019.04.17-11.47.30:292][  0]LogConfig: Setting CVar [[r.DOF.Scatter.ForegroundCompositing:1    ; additive foreground scattering]]
[2019.04.17-11.47.30:292][  0]LogConfig: Setting CVar [[r.DOF.Scatter.BackgroundCompositing:2    ; additive background scattering]]
[2019.04.17-11.47.30:292][  0]LogConfig: Setting CVar [[r.DOF.Scatter.EnableBokehSettings:1      ; bokeh simulation when scattering]]
[2019.04.17-11.47.30:292][  0]LogConfig: Setting CVar [[r.DOF.Scatter.MaxSpriteRatio:0.1         ; only a maximum of 10% of scattered bokeh]]
[2019.04.17-11.47.30:292][  0]LogConfig: Setting CVar [[r.DOF.Recombine.Quality:1                ; cheap slight out of focus]]
[2019.04.17-11.47.30:292][  0]LogConfig: Setting CVar [[r.DOF.Recombine.EnableBokehSettings:0    ; no bokeh simulation on slight out of focus]]
[2019.04.17-11.47.30:292][  0]LogConfig: Setting CVar [[r.DOF.TemporalAAQuality:1                ; more stable temporal accumulation]]
[2019.04.17-11.47.30:292][  0]LogConfig: Setting CVar [[r.DOF.Kernel.MaxForegroundRadius:0.025]]
[2019.04.17-11.47.30:292][  0]LogConfig: Setting CVar [[r.DOF.Kernel.MaxBackgroundRadius:0.025]]
[2019.04.17-11.47.30:292][  0]LogConfig: Applying CVar settings from Section [TextureQuality@3] File [D:/GitHub/Workshop/Project_ReFill/Refill/Saved/Config/Windows/Scalability.ini]
[2019.04.17-11.47.30:292][  0]LogConfig: Setting CVar [[r.Streaming.MipBias:0]]
[2019.04.17-11.47.30:292][  0]LogConfig: Setting CVar [[r.Streaming.AmortizeCPUToGPUCopy:0]]
[2019.04.17-11.47.30:292][  0]LogConfig: Setting CVar [[r.Streaming.MaxNumTexturesToStreamPerFrame:0]]
[2019.04.17-11.47.30:292][  0]LogConfig: Setting CVar [[r.Streaming.Boost:1]]
[2019.04.17-11.47.30:292][  0]LogConfig: Setting CVar [[r.MaxAnisotropy:8]]
[2019.04.17-11.47.30:292][  0]LogConfig: Setting CVar [[r.Streaming.LimitPoolSizeToVRAM:0]]
[2019.04.17-11.47.30:292][  0]LogConfig: Setting CVar [[r.Streaming.PoolSize:1000]]
[2019.04.17-11.47.30:292][  0]LogConfig: Setting CVar [[r.Streaming.MaxEffectiveScreenSize:0]]
[2019.04.17-11.47.30:292][  0]LogConfig: Applying CVar settings from Section [EffectsQuality@3] File [D:/GitHub/Workshop/Project_ReFill/Refill/Saved/Config/Windows/Scalability.ini]
[2019.04.17-11.47.30:292][  0]LogConfig: Setting CVar [[r.TranslucencyLightingVolumeDim:64]]
[2019.04.17-11.47.30:292][  0]LogConfig: Setting CVar [[r.RefractionQuality:2]]
[2019.04.17-11.47.30:292][  0]LogConfig: Setting CVar [[r.SSR.Quality:3]]
[2019.04.17-11.47.30:292][  0]LogConfig: Setting CVar [[r.SceneColorFormat:4]]
[2019.04.17-11.47.30:292][  0]LogConfig: Setting CVar [[r.DetailMode:2]]
[2019.04.17-11.47.30:292][  0]LogConfig: Setting CVar [[r.TranslucencyVolumeBlur:1]]
[2019.04.17-11.47.30:292][  0]LogConfig: Setting CVar [[r.MaterialQualityLevel:1 ; High quality]]
[2019.04.17-11.47.30:292][  0]LogConfig: Setting CVar [[r.SSS.Scale:1]]
[2019.04.17-11.47.30:292][  0]LogConfig: Setting CVar [[r.SSS.SampleSet:2]]
[2019.04.17-11.47.30:292][  0]LogConfig: Setting CVar [[r.SSS.Quality:1]]
[2019.04.17-11.47.30:292][  0]LogConfig: Setting CVar [[r.SSS.HalfRes:1]]
[2019.04.17-11.47.30:292][  0]LogConfig: Setting CVar [[r.EmitterSpawnRateScale:1.0]]
[2019.04.17-11.47.30:292][  0]LogConfig: Setting CVar [[r.ParticleLightQuality:2]]
[2019.04.17-11.47.30:292][  0]LogConfig: Applying CVar settings from Section [FoliageQuality@3] File [D:/GitHub/Workshop/Project_ReFill/Refill/Saved/Config/Windows/Scalability.ini]
[2019.04.17-11.47.30:292][  0]LogConfig: Setting CVar [[foliage.DensityScale:1.0]]
[2019.04.17-11.47.30:292][  0]LogConfig: Setting CVar [[grass.DensityScale:1.0]]
[2019.04.17-11.47.30:292][  0]LogConfig: Applying CVar settings from Section [Startup] File [../../../Engine/Config/ConsoleVariables.ini]
[2019.04.17-11.47.30:334][  0]LogConfig: Setting CVar [[net.UseAdaptiveNetUpdateFrequency:0]]
[2019.04.17-11.47.30:334][  0]LogConfig: Applying CVar settings from Section [ConsoleVariables] File [D:/GitHub/Workshop/Project_ReFill/Refill/Saved/Config/Windows/Engine.ini]
[2019.04.17-11.47.30:355][  0]LogInit: Computer: DESKTOP-6T9F7I0
[2019.04.17-11.47.30:355][  0]LogInit: User: onest
[2019.04.17-11.47.30:355][  0]LogInit: CPU Page size=4096, Cores=4
[2019.04.17-11.47.30:355][  0]LogInit: High frequency timer resolution =2.437501 MHz
[2019.04.17-11.47.30:364][  0]LogMemory: Memory total: Physical=7.9GB (8GB approx)
[2019.04.17-11.47.30:364][  0]LogMemory: Platform Memory Stats for Windows
[2019.04.17-11.47.30:364][  0]LogMemory: Process Physical Memory: 102.11 MB used, 102.11 MB peak
[2019.04.17-11.47.30:364][  0]LogMemory: Process Virtual Memory: 90.64 MB used, 90.64 MB peak
[2019.04.17-11.47.30:364][  0]LogMemory: Physical Memory: 5950.70 MB used,  2126.91 MB free, 8077.61 MB total
[2019.04.17-11.47.30:364][  0]LogMemory: Virtual Memory: 4639.85 MB used,  134213088.00 MB free, 134217728.00 MB total
[2019.04.17-11.47.31:403][  0]LogInit: Using OS detected language (fr-FR).
[2019.04.17-11.47.31:403][  0]LogInit: Using OS detected locale (fr-FR).
[2019.04.17-11.47.31:452][  0]LogTextLocalizationManager: No specific localization for 'fr-FR' exists, so the 'fr' localization will be used.
[2019.04.17-11.47.31:610][  0]LogStreaming: Display: Took  0.189s to InitEngineTextLocalization.
[2019.04.17-11.47.31:615][  0]LogInit: Setting process to per monitor DPI aware
[2019.04.17-11.47.33:297][  0]LogSlate: New Slate User Created.  User Index 0, Is Virtual User: 0
[2019.04.17-11.47.33:297][  0]LogSlate: Slate User Registered.  User Index 0, Is Virtual User: 0
[2019.04.17-11.47.37:232][  0]LogHMD: Failed to initialize OpenVR with code 110
[2019.04.17-11.47.37:232][  0]LogD3D11RHI: D3D11 adapters:
[2019.04.17-11.47.37:379][  0]LogD3D11RHI:    0. 'NVIDIA GeForce GTX 1060' (Feature Level 11_0)
[2019.04.17-11.47.37:379][  0]LogD3D11RHI:       2987/0/4038 MB DedicatedVideo/DedicatedSystem/SharedSystem, Outputs:1, VendorId:0x10de
[2019.04.17-11.47.37:412][  0]LogD3D11RHI:    1. 'Intel(R) HD Graphics 630' (Feature Level 11_0)
[2019.04.17-11.47.37:412][  0]LogD3D11RHI:       128/0/4038 MB DedicatedVideo/DedicatedSystem/SharedSystem, Outputs:0, VendorId:0x8086
[2019.04.17-11.47.37:416][  0]LogD3D11RHI:    2. 'Microsoft Basic Render Driver' (Feature Level 11_0)
[2019.04.17-11.47.37:416][  0]LogD3D11RHI:       0/0/4038 MB DedicatedVideo/DedicatedSystem/SharedSystem, Outputs:0, VendorId:0x1414
[2019.04.17-11.47.37:416][  0]LogD3D11RHI: Chosen D3D11 Adapter: 0
[2019.04.17-11.47.37:480][  0]LogD3D11RHI: Creating new Direct3DDevice
[2019.04.17-11.47.37:480][  0]LogD3D11RHI:     GPU DeviceId: 0x1c20 (for the marketing name, search the web for "GPU Device Id")
[2019.04.17-11.47.37:480][  0]LogWindows: EnumDisplayDevices:
[2019.04.17-11.47.37:480][  0]LogWindows:    0. 'Intel(R) HD Graphics 630' (P:1 D:1)
[2019.04.17-11.47.37:481][  0]LogWindows:    1. 'Intel(R) HD Graphics 630' (P:0 D:0)
[2019.04.17-11.47.37:481][  0]LogWindows:    2. 'Intel(R) HD Graphics 630' (P:0 D:0)
[2019.04.17-11.47.37:481][  0]LogWindows:    3. 'NVIDIA GeForce GTX 1060' (P:0 D:0)
[2019.04.17-11.47.37:481][  0]LogWindows:    4. 'NVIDIA GeForce GTX 1060' (P:0 D:0)
[2019.04.17-11.47.37:482][  0]LogWindows:    5. 'NVIDIA GeForce GTX 1060' (P:0 D:0)
[2019.04.17-11.47.37:482][  0]LogWindows:    6. 'NVIDIA GeForce GTX 1060' (P:0 D:0)
[2019.04.17-11.47.37:482][  0]LogWindows: DebugString: PrimaryIsNotTheChoosenAdapter PrimaryIsNotTheChoosenAdapter PrimaryIsNotTheChoosenAdapter FoundDriverCount:4 
[2019.04.17-11.47.37:482][  0]LogD3D11RHI:     Adapter Name: NVIDIA GeForce GTX 1060
[2019.04.17-11.47.37:482][  0]LogD3D11RHI:   Driver Version: 399.01 (internal:24.21.13.9901, unified:399.01)
[2019.04.17-11.47.37:483][  0]LogD3D11RHI:      Driver Date: 8-13-2018
[2019.04.17-11.47.37:483][  0]LogRHI: Texture pool is 2090 MB (70% of 2987 MB)
[2019.04.17-11.47.37:540][  0]LogD3D11RHI: Async texture creation enabled
[2019.04.17-11.47.37:800][  0]LogD3D11RHI: GPU Timing Frequency: 1000.000000 (Debug: 2 2)
[2019.04.17-11.47.38:854][  0]LogTemp: Display: Loaded TP AllDesktopTargetPlatform
[2019.04.17-11.47.38:916][  0]LogTemp: Display: Loaded TP MacClientTargetPlatform
[2019.04.17-11.47.38:940][  0]LogTemp: Display: Loaded TP MacNoEditorTargetPlatform
[2019.04.17-11.47.38:966][  0]LogTemp: Display: Loaded TP MacServerTargetPlatform
[2019.04.17-11.47.39:034][  0]LogTemp: Display: Loaded TP MacTargetPlatform
[2019.04.17-11.47.39:106][  0]LogTemp: Display: Loaded TP WindowsClientTargetPlatform
[2019.04.17-11.47.39:139][  0]LogTemp: Display: Loaded TP WindowsNoEditorTargetPlatform
[2019.04.17-11.47.39:170][  0]LogTemp: Display: Loaded TP WindowsServerTargetPlatform
[2019.04.17-11.47.39:196][  0]LogTemp: Display: Loaded TP WindowsTargetPlatform
[2019.04.17-11.47.39:358][  0]LogTemp: Display: Loaded TP AndroidTargetPlatform
[2019.04.17-11.47.39:358][  0]LogTemp: Display: Loaded TP AndroidTargetPlatform
[2019.04.17-11.47.39:358][  0]LogTemp: Display: Loaded TP AndroidTargetPlatform
[2019.04.17-11.47.39:358][  0]LogTemp: Display: Loaded TP AndroidTargetPlatform
[2019.04.17-11.47.39:358][  0]LogTemp: Display: Loaded TP AndroidTargetPlatform
[2019.04.17-11.47.39:358][  0]LogTemp: Display: Loaded TP AndroidTargetPlatform
[2019.04.17-11.47.39:358][  0]LogTemp: Display: Loaded TP AndroidTargetPlatform
[2019.04.17-11.47.39:358][  0]LogTemp: Display: Loaded TP AndroidTargetPlatform
[2019.04.17-11.47.39:358][  0]LogTemp: Display: Loaded TP AndroidTargetPlatform
[2019.04.17-11.47.39:358][  0]LogTemp: Display: Loaded TP AndroidTargetPlatform
[2019.04.17-11.47.39:358][  0]LogTemp: Display: Loaded TP AndroidTargetPlatform
[2019.04.17-11.47.39:358][  0]LogTemp: Display: Loaded TP AndroidTargetPlatform
[2019.04.17-11.47.39:358][  0]LogTemp: Display: Loaded TP AndroidTargetPlatform
[2019.04.17-11.47.39:358][  0]LogTemp: Display: Loaded TP AndroidTargetPlatform
[2019.04.17-11.47.39:358][  0]LogTemp: Display: Loaded TP AndroidTargetPlatform
[2019.04.17-11.47.39:359][  0]LogTemp: Display: Loaded TP AndroidTargetPlatform
[2019.04.17-11.47.39:359][  0]LogTemp: Display: Loaded TP AndroidTargetPlatform
[2019.04.17-11.47.39:359][  0]LogTemp: Display: Loaded TP AndroidTargetPlatform
[2019.04.17-11.47.39:396][  0]LogTemp: Display: Loaded TP HTML5TargetPlatform
[2019.04.17-11.47.39:621][  0]LogTemp: Display: Loaded TP IOSTargetPlatform
[2019.04.17-11.47.39:621][  0]LogTemp: Display: Loaded TP IOSTargetPlatform
[2019.04.17-11.47.39:675][  0]LogTemp: Display: Loaded TP TVOSTargetPlatform
[2019.04.17-11.47.39:675][  0]LogTemp: Display: Loaded TP TVOSTargetPlatform
[2019.04.17-11.47.39:722][  0]LogTemp: Display: Loaded TP LinuxClientTargetPlatform
[2019.04.17-11.47.39:746][  0]LogTemp: Display: Loaded TP LinuxNoEditorTargetPlatform
[2019.04.17-11.47.39:769][  0]LogTemp: Display: Loaded TP LinuxServerTargetPlatform
[2019.04.17-11.47.39:812][  0]LogTemp: Display: Loaded TP LinuxTargetPlatform
[2019.04.17-11.47.39:888][  0]LogTemp: Display: Loaded TP LuminTargetPlatform
[2019.04.17-11.47.39:888][  0]LogTemp: Display: Loaded TP LuminTargetPlatform
[2019.04.17-11.47.39:888][  0]LogTargetPlatformManager: Display: Building Assets For Windows
[2019.04.17-11.47.40:775][  0]LogShaderCompilers: Guid format shader working directory is -9 characters bigger than the processId version (../../../../../../GitHub/Workshop/Project_ReFill/Refill/Intermediate/Shaders/WorkingDirectory/5300/).
[2019.04.17-11.47.40:775][  0]LogShaderCompilers: Cleaned the shader compiler working directory 'C:/Users/onest/AppData/Local/Temp/UnrealShaderWorkingDir/4C76206C47A67553D2338DBF3B8F96BA/'.
[2019.04.17-11.47.40:809][  0]LogXGEController: Cleaning working directory: C:/Users/onest/AppData/Local/Temp/UnrealXGEWorkingDir/
[2019.04.17-11.47.40:810][  0]LogXGEController: Cannot use XGE Controller as Incredibuild is not installed on this machine.
[2019.04.17-11.47.40:810][  0]LogShaderCompilers: Cannot use XGE Shader Compiler as Incredibuild is not installed on this machine.
[2019.04.17-11.47.40:810][  0]LogShaderCompilers: Display: Using Local Shader Compiler.
[2019.04.17-11.47.45:856][  0]LogDerivedDataCache: Display: Max Cache Size: 512 MB
[2019.04.17-11.47.46:085][  0]LogDerivedDataCache: Loaded boot cache 0.23s 71MB C:/Users/onest/AppData/Local/UnrealEngine/4.21/DerivedDataCache/Boot.ddc.
[2019.04.17-11.47.46:085][  0]LogDerivedDataCache: Display: Loaded Boot cache: C:/Users/onest/AppData/Local/UnrealEngine/4.21/DerivedDataCache/Boot.ddc
[2019.04.17-11.47.46:085][  0]LogDerivedDataCache: FDerivedDataBackendGraph:  Pak pak cache file ../../../../../../GitHub/Workshop/Project_ReFill/Refill/DerivedDataCache/DDC.ddp not found, will not use a pak cache.
[2019.04.17-11.47.46:085][  0]LogDerivedDataCache: Unable to find inner node Pak for hierarchical cache Hierarchy.
[2019.04.17-11.47.46:086][  0]LogDerivedDataCache: FDerivedDataBackendGraph:  CompressedPak pak cache file ../../../../../../GitHub/Workshop/Project_ReFill/Refill/DerivedDataCache/Compressed.ddp not found, will not use a pak cache.
[2019.04.17-11.47.46:086][  0]LogDerivedDataCache: Unable to find inner node CompressedPak for hierarchical cache Hierarchy.
[2019.04.17-11.47.46:210][  0]LogDerivedDataCache: Display: Pak cache opened for reading ../../../Engine/DerivedDataCache/Compressed.ddp.
[2019.04.17-11.47.46:210][  0]LogDerivedDataCache: FDerivedDataBackendGraph:  EnterprisePak pak cache file ../../../Enterprise/DerivedDataCache/Compressed.ddp not found, will not use a pak cache.
[2019.04.17-11.47.46:210][  0]LogDerivedDataCache: Unable to find inner node EnterprisePak for hierarchical cache Hierarchy.
[2019.04.17-11.47.46:223][  0]LogDerivedDataCache: Using Local data cache path C:/Users/onest/AppData/Local/UnrealEngine/Common/DerivedDataCache: Writable
[2019.04.17-11.47.46:223][  0]LogDerivedDataCache: Shared data cache path not found in *engine.ini, will not use an Shared cache.
[2019.04.17-11.47.46:223][  0]LogDerivedDataCache: Unable to find inner node Shared for hierarchical cache Hierarchy.
[2019.04.17-11.47.46:408][  0]LogMaterial: Verifying Global Shaders for PCD3D_SM5
[2019.04.17-11.47.46:532][  0]LogSlate: Using FreeType 2.6.0
[2019.04.17-11.47.46:745][  0]LogSlate: SlateFontServices - WITH_FREETYPE: 1, WITH_HARFBUZZ: 1
[2019.04.17-11.47.48:384][  0]LogAssetRegistry: FAssetRegistry took 0.0406 seconds to start up
[2019.04.17-11.48.08:024][  0]LogInit: Selected Device Profile: [Windows]
[2019.04.17-11.48.18:217][  0]LogSimplygon: Simplygon DLL not present - disabling.
[2019.04.17-11.48.19:584][  0]LogMeshReduction: Using SimplygonSwarm for distributed automatic mesh merging
[2019.04.17-11.48.19:604][  0]LogMeshReduction: Using ProxyLODMeshReduction for automatic mesh merging
[2019.04.17-11.48.19:679][  0]LogMeshReduction: Using QuadricMeshReduction for automatic static mesh reduction
[2019.04.17-11.48.19:679][  0]LogMeshReduction: No automatic skeletal mesh reduction module available
[2019.04.17-11.48.23:148][  0]LogNetVersion: Refill 1.0.0, NetCL: 4541578, EngineNetVer: 5, GameNetVer: 0 (Checksum: 3398059085)
[2019.04.17-11.48.55:457][  0]LogPackageLocalizationCache: Processed 11 localized package path(s) for 2 prioritized culture(s) in 0.859726 seconds
[2019.04.17-11.48.55:608][  0]LogUObjectArray: 39775 objects as part of root set at end of initial load.
[2019.04.17-11.48.55:608][  0]LogUObjectAllocator: 6914656 out of 0 bytes used by permanent object pool.
[2019.04.17-11.48.55:608][  0]LogUObjectArray: CloseDisregardForGC: 0/0 objects in disregard for GC pool
[2019.04.17-11.49.48:874][  0]LogTcpMessaging: Initializing TcpMessaging bridge
[2019.04.17-11.49.48:945][  0]LogUdpMessaging: Initializing bridge on interface 0.0.0.0:0 to multicast group 230.0.0.1:6666.
[2019.04.17-11.49.51:557][  0]SourceControl: Source control is disabled
[2019.04.17-11.49.51:567][  0]SourceControl: Source control is disabled
[2019.04.17-11.49.51:664][  0]SourceControl: Source control is disabled
[2019.04.17-11.49.51:689][  0]SourceControl: Source control is disabled
[2019.04.17-11.49.54:200][  0]LogAndroidPermission: UAndroidPermissionCallbackProxy::GetInstance
[2019.04.17-11.49.54:446][  0]LogOcInput: OculusInput pre-init called
[2019.04.17-11.49.56:985][  0]LogEngine: Initializing Engine...
[2019.04.17-11.49.57:046][  0]LogHMD: Failed to initialize OpenVR with code 110
[2019.04.17-11.49.57:073][  0]LogStats: UGameplayTagsManager::ConstructGameplayTagTree: ImportINI prefixes -  0.000 s
[2019.04.17-11.49.57:073][  0]LogStats: UGameplayTagsManager::ConstructGameplayTagTree: Construct from data asset -  0.000 s
[2019.04.17-11.49.57:091][  0]LogStats: UGameplayTagsManager::ConstructGameplayTagTree: ImportINI -  0.019 s
[2019.04.17-11.49.57:091][  0]LogStats: UGameplayTagsManager::ConstructGameplayTagTree: GameplayTagTreeChangedEvent.Broadcast -  0.000 s
[2019.04.17-11.49.57:973][  0]LogInit: Initializing FReadOnlyCVARCache
[2019.04.17-11.49.59:108][  0]LogAIModule: Creating AISystem for world Untitled
[2019.04.17-11.49.59:674][  0]LogInit: XAudio2 using 'Casque (Beats Solo³ de Enzo Stereo)' : 2 channels at 44.1 kHz using 16 bits per sample (channel mask 0x3)
[2019.04.17-11.49.59:730][  0]LogInit: FAudioDevice initialized.
[2019.04.17-11.49.59:748][  0]LogNetVersion: Set ProjectVersion to 1.0.0.0. Version Checksum will be recalculated on next use.
[2019.04.17-11.49.59:883][  0]LogDerivedDataCache: Saved boot cache 0.14s 71MB C:/Users/onest/AppData/Local/UnrealEngine/4.21/DerivedDataCache/Boot.ddc.
[2019.04.17-11.49.59:897][  0]LogInit: Texture streaming: Enabled
[2019.04.17-11.50.00:227][  0]LogEngineSessionManager: EngineSessionManager initialized
[2019.04.17-11.50.00:577][  0]LogInit: Transaction tracking system initialized
[2019.04.17-11.50.01:112][  0]BlueprintLog: New page: Editor Load
[2019.04.17-11.50.03:227][  0]LocalizationService: Localization service is disabled
[2019.04.17-11.50.08:606][  0]LogFileCache: Scanning file cache for directory 'D:/GitHub/Workshop/Project_ReFill/Refill/Content/' took 0.08s
[2019.04.17-11.50.08:606][  0]LogCook: Display: Max memory allowance for cook 16384mb min free memory 0mb
[2019.04.17-11.50.08:649][  0]LogCook: Display: Mobile HDR setting 1
[2019.04.17-11.50.08:738][  0]LogGameplayTags: Display: UGameplayTagsManager::DoneAddingNativeTags. DelegateIsBound: 0
[2019.04.17-11.50.08:959][  0]LogStats: UGameplayTagsManager::ConstructGameplayTagTree: ImportINI prefixes -  0.000 s
[2019.04.17-11.50.08:959][  0]LogStats: UGameplayTagsManager::ConstructGameplayTagTree: Construct from data asset -  0.000 s
[2019.04.17-11.50.08:960][  0]LogStats: UGameplayTagsManager::ConstructGameplayTagTree: ImportINI -  0.000 s
[2019.04.17-11.50.08:960][  0]LogStats: UGameplayTagsManager::ConstructGameplayTagTree: GameplayTagTreeChangedEvent.Broadcast -  0.000 s
[2019.04.17-11.50.13:072][  0]SourceControl: Source control is disabled
[2019.04.17-11.50.13:113][  0]Cmd: MAP LOAD FILE="../../../../../../GitHub/Workshop/Project_ReFill/Refill/Content/ThirdPersonBP/Maps/ThirdPersonExampleMap.umap" TEMPLATE=0 SHOWPROGRESS=1 FEATURELEVEL=3
[2019.04.17-11.50.13:158][  0]LightingResults: New page: Lighting Build
[2019.04.17-11.50.14:396][  0]MapCheck: New page: Map Check
[2019.04.17-11.50.14:396][  0]LightingResults: New page: Lighting Build
[2019.04.17-11.50.22:001][  0]LogAIModule: Creating AISystem for world ThirdPersonExampleMap
[2019.04.17-11.50.24:292][  0]LogEditorServer: Finished looking for orphan Actors (0.001 secs)
[2019.04.17-11.50.24:734][  0]Cmd: MAP CHECKDEP NOCLEARLOG
[2019.04.17-11.50.24:749][  0]MapCheck: Map check complete: 0 Error(s), 0 Warning(s), took 10,857ms to complete.
[2019.04.17-11.50.24:770][  0]LogFileHelpers: Loading map 'ThirdPersonExampleMap' took 11.687
[2019.04.17-11.50.27:922][  0]LogSlate: Updating window title bar state: overlay mode, drag disabled, window buttons hidden, title bar hidden
[2019.04.17-11.50.27:971][  0]LogSlate: Updating window title bar state: overlay mode, drag disabled, window buttons hidden, title bar hidden
[2019.04.17-11.50.27:979][  0]LogSlate: Updating window title bar state: overlay mode, drag disabled, window buttons hidden, title bar hidden
[2019.04.17-11.50.27:987][  0]LogSlate: Updating window title bar state: overlay mode, drag disabled, window buttons hidden, title bar hidden
[2019.04.17-11.50.28:221][  0]LogCollectionManager: Loaded 0 collections in 0.001028 seconds
[2019.04.17-11.50.28:535][  0]LogFileCache: Scanning file cache for directory 'D:/GitHub/Workshop/Project_ReFill/Refill/Saved/Collections/' took 0.01s
[2019.04.17-11.50.28:535][  0]LogFileCache: Scanning file cache for directory 'D:/GitHub/Workshop/Project_ReFill/Refill/Content/Developers/onest/Collections/' took 0.01s
[2019.04.17-11.50.28:535][  0]LogFileCache: Scanning file cache for directory 'D:/GitHub/Workshop/Project_ReFill/Refill/Content/Collections/' took 0.00s
[2019.04.17-11.50.28:535][  0]LogCollectionManager: Rebuilt the GUID cache for 0 collections in 0.000000 seconds
[2019.04.17-11.50.28:557][  0]LogContentBrowser: Native class hierarchy populated in 0.0118 seconds. Added 2651 classes and 620 folders.
[2019.04.17-11.50.28:806][  0]LogContentBrowser: Native class hierarchy updated for 'WidgetCarousel' in 0.0016 seconds. Added 0 classes and 0 folders.
[2019.04.17-11.50.28:912][  0]LogPakFile: Registered encryption key '00000000000000000000000000000000': 0 pak files mounted, 0 remain pending
[2019.04.17-11.50.28:973][  0]LogPakFile: Registered encryption key '00000000000000000000000000000000': 0 pak files mounted, 0 remain pending
[2019.04.17-11.50.28:989][  0]LogPakFile: Registered encryption key '00000000000000000000000000000000': 0 pak files mounted, 0 remain pending
[2019.04.17-11.50.29:010][  0]LogPakFile: Registered encryption key '00000000000000000000000000000000': 0 pak files mounted, 0 remain pending
[2019.04.17-11.50.29:017][  0]LogPakFile: Registered encryption key '00000000000000000000000000000000': 0 pak files mounted, 0 remain pending
[2019.04.17-11.50.29:030][  0]LogPakFile: Registered encryption key '00000000000000000000000000000000': 0 pak files mounted, 0 remain pending
[2019.04.17-11.50.29:044][  0]LogPakFile: Registered encryption key '00000000000000000000000000000000': 0 pak files mounted, 0 remain pending
[2019.04.17-11.50.29:051][  0]LogPakFile: Registered encryption key '00000000000000000000000000000000': 0 pak files mounted, 0 remain pending
[2019.04.17-11.50.29:059][  0]LogPakFile: Registered encryption key '00000000000000000000000000000000': 0 pak files mounted, 0 remain pending
[2019.04.17-11.50.29:068][  0]LogPakFile: Registered encryption key '00000000000000000000000000000000': 0 pak files mounted, 0 remain pending
[2019.04.17-11.50.29:074][  0]LogPakFile: Registered encryption key '00000000000000000000000000000000': 0 pak files mounted, 0 remain pending
[2019.04.17-11.50.29:080][  0]LogPakFile: Registered encryption key '00000000000000000000000000000000': 0 pak files mounted, 0 remain pending
[2019.04.17-11.50.29:086][  0]LogPakFile: Registered encryption key '00000000000000000000000000000000': 0 pak files mounted, 0 remain pending
[2019.04.17-11.50.29:093][  0]LogPakFile: Registered encryption key '00000000000000000000000000000000': 0 pak files mounted, 0 remain pending
[2019.04.17-11.50.29:107][  0]LogPakFile: Registered encryption key '00000000000000000000000000000000': 0 pak files mounted, 0 remain pending
[2019.04.17-11.50.29:124][  0]LogPakFile: Registered encryption key '00000000000000000000000000000000': 0 pak files mounted, 0 remain pending
[2019.04.17-11.50.29:148][  0]LogPakFile: Registered encryption key '00000000000000000000000000000000': 0 pak files mounted, 0 remain pending
[2019.04.17-11.50.29:169][  0]LogPakFile: Registered encryption key '00000000000000000000000000000000': 0 pak files mounted, 0 remain pending
[2019.04.17-11.50.29:187][  0]LogPakFile: Registered encryption key '00000000000000000000000000000000': 0 pak files mounted, 0 remain pending
[2019.04.17-11.50.29:195][  0]LogPakFile: Registered encryption key '00000000000000000000000000000000': 0 pak files mounted, 0 remain pending
[2019.04.17-11.50.29:221][  0]LogPakFile: Registered encryption key '00000000000000000000000000000000': 0 pak files mounted, 0 remain pending
[2019.04.17-11.50.29:228][  0]LogPakFile: Registered encryption key '00000000000000000000000000000000': 0 pak files mounted, 0 remain pending
[2019.04.17-11.50.29:234][  0]LogPakFile: Registered encryption key '00000000000000000000000000000000': 0 pak files mounted, 0 remain pending
[2019.04.17-11.50.29:271][  0]LogPakFile: Registered encryption key '00000000000000000000000000000000': 0 pak files mounted, 0 remain pending
[2019.04.17-11.50.29:291][  0]LogPakFile: Registered encryption key '00000000000000000000000000000000': 0 pak files mounted, 0 remain pending
[2019.04.17-11.50.29:298][  0]LogPakFile: Registered encryption key '00000000000000000000000000000000': 0 pak files mounted, 0 remain pending
[2019.04.17-11.50.30:284][  0]LogContentBrowser: Native class hierarchy updated for 'AddContentDialog' in 0.0016 seconds. Added 0 classes and 0 folders.
[2019.04.17-11.50.30:336][  0]LogContentBrowser: Native class hierarchy updated for 'SceneOutliner' in 0.0013 seconds. Added 1 classes and 2 folders.
[2019.04.17-11.50.33:350][  0]LogSlate: Took 0.021607 seconds to synchronously load lazily loaded font '../../../Engine/Content/Slate/Fonts/Roboto-Regular.ttf' (155K)
[2019.04.17-11.50.33:453][  0]LogSlate: Took 0.023805 seconds to synchronously load lazily loaded font '../../../Engine/Content/Slate/Fonts/Roboto-Bold.ttf' (160K)
[2019.04.17-11.50.33:613][  0]LogSlate: Took 0.032860 seconds to synchronously load lazily loaded font '../../../Engine/Content/Editor/Slate/Fonts/FontAwesome.ttf' (139K)
[2019.04.17-11.50.34:883][  0]LogRenderer: Reallocating scene render targets to support 964x392 Format 10 NumSamples 1 (Frame:1).
[2019.04.17-11.50.37:034][  0]LogContentBrowser: Native class hierarchy updated for 'HierarchicalLODOutliner' in 0.0015 seconds. Added 0 classes and 0 folders.
[2019.04.17-11.50.37:034][  0]LogLoad: (Engine Initialization) Total time: 210.47 seconds
[2019.04.17-11.50.37:034][  0]LogLoad: (Engine Initialization) Total Blueprint compile time: 0.00 seconds
[2019.04.17-11.50.37:284][  0]LogWindowsTextInputMethodSystem: Display: IME system now deactivated.
[2019.04.17-11.50.37:999][  0]LogContentStreaming: Texture pool size now 1000 MB
[2019.04.17-11.50.38:919][  1]LogSlate: Took 0.013328 seconds to synchronously load lazily loaded font '../../../Engine/Content/Slate/Fonts/Roboto-Light.ttf' (167K)
[2019.04.17-11.50.39:246][  2]LogSlate: Took 0.000212 seconds to synchronously load lazily loaded font '../../../Engine/Content/Slate/Fonts/Roboto-Light.ttf' (167K)
[2019.04.17-11.50.39:319][  3]LogAssetRegistry: Asset discovery search completed in 170.9595 seconds
[2019.04.17-11.50.39:356][  3]LogCollectionManager: Rebuilt the object cache for 0 collections in 0.000001 seconds (found 0 objects)
[2019.04.17-11.50.39:356][  3]LogCollectionManager: Fixed up redirectors for 0 collections in 0.007268 seconds (updated 0 objects)
[2019.04.17-11.50.40:475][ 25]LogSlate: FSceneViewport::OnFocusLost() reason 0
[2019.04.17-11.51.00:288][ 43]LogSlate: FSceneViewport::OnFocusLost() reason 0
[2019.04.17-11.51.00:707][ 49]LogSlate: Window 'Refill - Unreal Editor' being destroyed
[2019.04.17-11.51.00:709][ 49]LogWindowsTextInputMethodSystem: Display: IME system now deactivated.
[2019.04.17-11.51.01:593][ 50]Cmd: QUIT_EDITOR
[2019.04.17-11.51.02:251][ 50]LogExit: Preparing to exit.
[2019.04.17-11.51.04:202][ 50]LogExit: Editor shut down
[2019.04.17-11.51.04:202][ 50]LogExit: Transaction tracking system shut down
[2019.04.17-11.51.06:353][ 50]LogExit: Object subsystem successfully closed.
[2019.04.17-11.51.06:589][ 50]LogShaderCompilers: Display: Shaders left to compile 0
[2019.04.17-11.51.06:647][ 50]LogD3D11RHI: Shutdown
[2019.04.17-11.51.06:647][ 50]LogD3D11RHI: CleanupD3DDevice
[2019.04.17-11.51.06:725][ 50]LogD3D11RHI: ~FD3D11DynamicRHI
